[1023/184232.666:ERROR:registration_protocol_win.cc(103)] CreateFile: The system cannot find the file specified. (0x2)
[1023/184832.290:ERROR:registration_protocol_win.cc(103)] CreateFile: The system cannot find the file specified. (0x2)
[1023/204247.368:ERROR:registration_protocol_win.cc(103)] CreateFile: The system cannot find the file specified. (0x2)
[1026/124604.567:ERROR:registration_protocol_win.cc(103)] CreateFile: The system cannot find the file specified. (0x2)
[1026/135041.404:ERROR:registration_protocol_win.cc(103)] CreateFile: The system cannot find the file specified. (0x2)
[1026/135403.681:ERROR:registration_protocol_win.cc(103)] CreateFile: The system cannot find the file specified. (0x2)
[1027/125029.487:ERROR:registration_protocol_win.cc(103)] CreateFile: The system cannot find the file specified. (0x2)
[1027/172639.651:ERROR:registration_protocol_win.cc(103)] CreateFile: The system cannot find the file specified. (0x2)
[1027/212541.918:ERROR:registration_protocol_win.cc(103)] CreateFile: The system cannot find the file specified. (0x2)
[1028/124909.088:ERROR:registration_protocol_win.cc(103)] CreateFile: The system cannot find the file specified. (0x2)
[1028/160532.215:ERROR:registration_protocol_win.cc(103)] CreateFile: The system cannot find the file specified. (0x2)
[1028/160624.312:ERROR:registration_protocol_win.cc(103)] CreateFile: The system cannot find the file specified. (0x2)
[1030/124547.635:ERROR:registration_protocol_win.cc(103)] CreateFile: The system cannot find the file specified. (0x2)
[1030/125351.278:ERROR:registration_protocol_win.cc(103)] CreateFile: The system cannot find the file specified. (0x2)
[1030/130421.414:ERROR:registration_protocol_win.cc(103)] CreateFile: The system cannot find the file specified. (0x2)
[1030/202856.508:ERROR:registration_protocol_win.cc(103)] CreateFile: The system cannot find the file specified. (0x2)
[1030/203851.816:ERROR:registration_protocol_win.cc(103)] CreateFile: The system cannot find the file specified. (0x2)
[0113/150829.895:ERROR:directory_reader_win.cc(43)] FindFirstFile: The system cannot find the path specified. (0x3)
[0113/164032.981:ERROR:directory_reader_win.cc(43)] FindFirstFile: The system cannot find the path specified. (0x3)
[0113/171839.163:ERROR:directory_reader_win.cc(43)] FindFirstFile: The system cannot find the path specified. (0x3)
[0114/154624.917:ERROR:directory_reader_win.cc(43)] FindFirstFile: The system cannot find the path specified. (0x3)
[0114/180954.510:ERROR:directory_reader_win.cc(43)] FindFirstFile: The system cannot find the path specified. (0x3)
[0114/191047.623:ERROR:directory_reader_win.cc(43)] FindFirstFile: The system cannot find the path specified. (0x3)
[0122/123020.307:ERROR:registration_protocol_win.cc(103)] CreateFile: The system cannot find the file specified. (0x2)
[0122/125617.522:ERROR:registration_protocol_win.cc(103)] CreateFile: The system cannot find the file specified. (0x2)
[0122/130454.024:ERROR:registration_protocol_win.cc(103)] CreateFile: The system cannot find the file specified. (0x2)
<<<<<<< Updated upstream
[0125/133707.369:ERROR:registration_protocol_win.cc(103)] CreateFile: The system cannot find the file specified. (0x2)
[0125/135226.079:ERROR:registration_protocol_win.cc(103)] CreateFile: The system cannot find the file specified. (0x2)
[0125/165950.242:ERROR:registration_protocol_win.cc(103)] CreateFile: The system cannot find the file specified. (0x2)
[0125/192532.165:ERROR:registration_protocol_win.cc(103)] CreateFile: The system cannot find the file specified. (0x2)
[0125/192828.117:ERROR:registration_protocol_win.cc(103)] CreateFile: The system cannot find the file specified. (0x2)
[0127/125329.216:ERROR:registration_protocol_win.cc(103)] CreateFile: The system cannot find the file specified. (0x2)
[0127/153634.139:ERROR:registration_protocol_win.cc(103)] CreateFile: The system cannot find the file specified. (0x2)
[0128/124929.721:ERROR:registration_protocol_win.cc(103)] CreateFile: The system cannot find the file specified. (0x2)
[0128/125044.196:ERROR:registration_protocol_win.cc(103)] CreateFile: The system cannot find the file specified. (0x2)
[0128/125140.977:ERROR:registration_protocol_win.cc(103)] CreateFile: The system cannot find the file specified. (0x2)
[0128/152108.137:ERROR:registration_protocol_win.cc(103)] CreateFile: The system cannot find the file specified. (0x2)
[0128/152116.753:ERROR:registration_protocol_win.cc(103)] CreateFile: The system cannot find the file specified. (0x2)
[0128/152207.275:ERROR:registration_protocol_win.cc(103)] CreateFile: The system cannot find the file specified. (0x2)
=======
[0122/205430.316:ERROR:directory_reader_win.cc(43)] FindFirstFile: The system cannot find the path specified. (0x3)
[0122/215622.968:ERROR:directory_reader_win.cc(43)] FindFirstFile: The system cannot find the path specified. (0x3)
>>>>>>> Stashed changes
